<?xml version="1.0" encoding="UTF-8"?>
<!-- Generated by org.testng.reporters.JUnitXMLReporter -->
<testsuite hostname="lap" ignored="0" name="Test" tests="6" failures="0" timestamp="12 Mar 2019 06:17:31 GMT" time="53.504" errors="0">
  <testcase name="openBrowserEnterUrlAndVerifyCancelEditComputer" time="11.149" classname="com.ComputerDB.Test.CancelEditComputerTest"/>
  <testcase name="openBrowserEnterUrlAndVerifyCancelAddedComputer" time="8.87" classname="com.ComputerDB.Test.CancelAddComputerTest"/>
  <testcase name="openBrowserEnterUrlAndVerifyAddedComputer" time="8.076" classname="com.ComputerDB.Test.AddComputerTest"/>
  <testcase name="openBrowserEnterUrlAndVerifyAddedComputer" time="7.786" classname="com.ComputerDB.Test.AddComputerTest"/>
  <testcase name="openBrowserEnterUrlAndVerifyEditedComputer" time="8.299" classname="com.ComputerDB.Test.EditComputerTest"/>
  <testcase name="openBrowserEnterUrlAndVerifyEditedComputer" time="8.733" classname="com.ComputerDB.Test.EditComputerTest"/>
</testsuite> <!-- Test -->
