<?xml version="1.0" encoding="UTF-8"?>
<testng-results skipped="0" failed="0" total="1" passed="1">
  <reporter-output>
  </reporter-output>
  <suite name="Default suite" duration-ms="8184" started-at="2017-02-26T18:45:04Z" finished-at="2017-02-26T18:45:12Z">
    <groups>
    </groups>
    <test name="Default test" duration-ms="8184" started-at="2017-02-26T18:45:04Z" finished-at="2017-02-26T18:45:12Z">
      <class name="com.ComputerDB.Test.EditComputerTest">
        <test-method status="PASS" signature="openBrowserEnterUrlAndVerifyEditedComputer()[pri:0, instance:com.ComputerDB.Test.EditComputerTest@27efef64]" name="openBrowserEnterUrlAndVerifyEditedComputer" duration-ms="8152" started-at="2017-02-26T13:45:04Z" finished-at="2017-02-26T13:45:12Z">
          <reporter-output>
          </reporter-output>
        </test-method> <!-- openBrowserEnterUrlAndVerifyEditedComputer -->
      </class> <!-- com.ComputerDB.Test.EditComputerTest -->
    </test> <!-- Default test -->
  </suite> <!-- Default suite -->
</testng-results>
